<?xml version="1.0" encoding="UTF-8"?>
<!-- Generated by org.testng.reporters.JUnitReportReporter -->
<testsuite skipped="0" hostname="DESKTOP-HHEDQ4L" name="com.usa.project.TestNgRunner" tests="1" failures="0" timestamp="13 Mar 2018 03:14:23 GMT" time="7.814" errors="0">
  <testcase name="feature" time="7.814" classname="com.usa.project.TestNgRunner"/>
</testsuite> <!-- com.usa.project.TestNgRunner -->
