<?xml version="1.0" encoding="UTF-8"?>
<!-- Generated by org.testng.reporters.JUnitReportReporter -->
<testsuite skipped="0" hostname="LAPTOP-FGAV5E7J" name="com.usa.project.TestNgRunner" tests="1" failures="0" timestamp="13 Mar 2018 02:05:56 GMT" time="20.109" errors="0">
  <testcase name="feature" time="20.109" classname="com.usa.project.TestNgRunner"/>
</testsuite> <!-- com.usa.project.TestNgRunner -->
